<?xml version="1.0" encoding="UTF-8"?>
<!-- Generated by org.testng.reporters.JUnitXMLReporter -->
<testsuite ignored="0" hostname="Vidit" failures="1" tests="1" name="Default test" time="4.733" errors="0" timestamp="2024-01-10T03:27:50 GMT">
  <testcase classname="io.cucumber.testng.AbstractTestNGCucumberTests" name="runScenario" time="4.519">
    <failure type="io.cucumber.java.PendingException" message="TODO: implement me">
      <![CDATA[io.cucumber.java.PendingException: TODO: implement me
at StepDefinition.MainSteps.user_is_on_home_page(MainSteps.java:31)
at ✽.user is on home page(file:///C:/Users/divya/eclipse-workspace/AssignmentTask0207/src/test/java/feature/TestScenario.feature:5)
]]>
    </failure>
  </testcase> <!-- runScenario -->
</testsuite> <!-- Default test -->
