<?xml version="1.0" encoding="UTF-8"?>
<!-- Generated by org.testng.reporters.JUnitReportReporter -->
<testsuite hostname="Vidit" failures="0" tests="1" name="CucumberOptions.TestNgRunner" time="4.519" errors="1" timestamp="2024-01-10T03:27:50 GMT" skipped="0">
  <testcase classname="CucumberOptions.TestNgRunner" name="runScenario" time="4.519">
    <error message="TODO: implement me" type="io.cucumber.java.PendingException">
      <![CDATA[io.cucumber.java.PendingException: TODO: implement me
at StepDefinition.MainSteps.user_is_on_home_page(MainSteps.java:31)
at ✽.user is on home page(file:///C:/Users/divya/eclipse-workspace/AssignmentTask0207/src/test/java/feature/TestScenario.feature:5)
]]>
    </error>
  </testcase> <!-- runScenario -->
</testsuite> <!-- CucumberOptions.TestNgRunner -->
